2024-11-09 10:34:02 INFO  o.s.b.t.c.SpringBootTestContextBootstrapper:308 - Neither @ContextConfiguration nor @ContextHierarchy found for test class [com.over.newsalesapi.NewsalesapiApplicationTests], using SpringBootContextLoader
2024-11-09 10:34:02 INFO  o.s.t.c.s.AbstractContextLoader:264 - Could not detect default resource locations for test class [com.over.newsalesapi.NewsalesapiApplicationTests]: no resource found for suffixes {-context.xml, Context.groovy}.
2024-11-09 10:34:02 INFO  o.s.t.c.s.AnnotationConfigContextLoaderUtils:83 - Could not detect default configuration classes for test class [com.over.newsalesapi.NewsalesapiApplicationTests]: NewsalesapiApplicationTests does not declare any static, non-private, non-final, nested classes annotated with @Configuration.
2024-11-09 10:34:02 INFO  o.s.b.t.c.SpringBootTestContextBootstrapper:237 - Found @SpringBootConfiguration com.over.newsalesapi.NewsalesapiApplication for test class com.over.newsalesapi.NewsalesapiApplicationTests
2024-11-09 10:34:02 INFO  o.s.b.t.c.SpringBootTestContextBootstrapper:248 - Loaded default TestExecutionListener class names from location [META-INF/spring.factories]: [org.springframework.boot.test.mock.mockito.MockitoTestExecutionListener, org.springframework.boot.test.mock.mockito.ResetMocksTestExecutionListener, org.springframework.boot.test.autoconfigure.restdocs.RestDocsTestExecutionListener, org.springframework.boot.test.autoconfigure.web.client.MockRestServiceServerResetTestExecutionListener, org.springframework.boot.test.autoconfigure.web.servlet.MockMvcPrintOnlyOnFailureTestExecutionListener, org.springframework.boot.test.autoconfigure.web.servlet.WebDriverTestExecutionListener, org.springframework.boot.test.autoconfigure.webservices.client.MockWebServiceServerTestExecutionListener, org.springframework.test.context.web.ServletTestExecutionListener, org.springframework.test.context.support.DirtiesContextBeforeModesTestExecutionListener, org.springframework.test.context.support.DependencyInjectionTestExecutionListener, org.springframework.test.context.support.DirtiesContextTestExecutionListener, org.springframework.test.context.transaction.TransactionalTestExecutionListener, org.springframework.test.context.jdbc.SqlScriptsTestExecutionListener, org.springframework.test.context.event.EventPublishingTestExecutionListener]
2024-11-09 10:34:02 INFO  o.s.b.t.c.SpringBootTestContextBootstrapper:177 - Using TestExecutionListeners: [org.springframework.test.context.web.ServletTestExecutionListener@f68f0dc, org.springframework.test.context.support.DirtiesContextBeforeModesTestExecutionListener@d2de489, org.springframework.boot.test.mock.mockito.MockitoTestExecutionListener@14bdbc74, org.springframework.boot.test.autoconfigure.SpringBootDependencyInjectionTestExecutionListener@12591ac8, org.springframework.test.context.support.DirtiesContextTestExecutionListener@5a7fe64f, org.springframework.test.context.transaction.TransactionalTestExecutionListener@38145825, org.springframework.test.context.jdbc.SqlScriptsTestExecutionListener@41330d4f, org.springframework.test.context.event.EventPublishingTestExecutionListener@1b66c0fb, org.springframework.boot.test.mock.mockito.ResetMocksTestExecutionListener@3e0e1046, org.springframework.boot.test.autoconfigure.restdocs.RestDocsTestExecutionListener@24c1b2d2, org.springframework.boot.test.autoconfigure.web.client.MockRestServiceServerResetTestExecutionListener@7dc19a70, org.springframework.boot.test.autoconfigure.web.servlet.MockMvcPrintOnlyOnFailureTestExecutionListener@508dec2b, org.springframework.boot.test.autoconfigure.web.servlet.WebDriverTestExecutionListener@1e4f4a5c, org.springframework.boot.test.autoconfigure.webservices.client.MockWebServiceServerTestExecutionListener@37313c65]
2024-11-09 10:37:24 INFO  o.s.b.t.c.SpringBootTestContextBootstrapper - Neither @ContextConfiguration nor @ContextHierarchy found for test class [com.over.newsalesapi.NewsalesapiApplicationTests], using SpringBootContextLoader
2024-11-09 10:37:24 INFO  o.s.t.c.s.AbstractContextLoader - Could not detect default resource locations for test class [com.over.newsalesapi.NewsalesapiApplicationTests]: no resource found for suffixes {-context.xml, Context.groovy}.
2024-11-09 10:37:24 INFO  o.s.t.c.s.AnnotationConfigContextLoaderUtils - Could not detect default configuration classes for test class [com.over.newsalesapi.NewsalesapiApplicationTests]: NewsalesapiApplicationTests does not declare any static, non-private, non-final, nested classes annotated with @Configuration.
2024-11-09 10:37:24 INFO  o.s.b.t.c.SpringBootTestContextBootstrapper - Found @SpringBootConfiguration com.over.newsalesapi.NewsalesapiApplication for test class com.over.newsalesapi.NewsalesapiApplicationTests
2024-11-09 10:37:24 INFO  o.s.b.t.c.SpringBootTestContextBootstrapper - Loaded default TestExecutionListener class names from location [META-INF/spring.factories]: [org.springframework.boot.test.mock.mockito.MockitoTestExecutionListener, org.springframework.boot.test.mock.mockito.ResetMocksTestExecutionListener, org.springframework.boot.test.autoconfigure.restdocs.RestDocsTestExecutionListener, org.springframework.boot.test.autoconfigure.web.client.MockRestServiceServerResetTestExecutionListener, org.springframework.boot.test.autoconfigure.web.servlet.MockMvcPrintOnlyOnFailureTestExecutionListener, org.springframework.boot.test.autoconfigure.web.servlet.WebDriverTestExecutionListener, org.springframework.boot.test.autoconfigure.webservices.client.MockWebServiceServerTestExecutionListener, org.springframework.test.context.web.ServletTestExecutionListener, org.springframework.test.context.support.DirtiesContextBeforeModesTestExecutionListener, org.springframework.test.context.support.DependencyInjectionTestExecutionListener, org.springframework.test.context.support.DirtiesContextTestExecutionListener, org.springframework.test.context.transaction.TransactionalTestExecutionListener, org.springframework.test.context.jdbc.SqlScriptsTestExecutionListener, org.springframework.test.context.event.EventPublishingTestExecutionListener]
2024-11-09 10:37:24 INFO  o.s.b.t.c.SpringBootTestContextBootstrapper - Using TestExecutionListeners: [org.springframework.test.context.web.ServletTestExecutionListener@d23e042, org.springframework.test.context.support.DirtiesContextBeforeModesTestExecutionListener@46d59067, org.springframework.boot.test.mock.mockito.MockitoTestExecutionListener@2d0399f4, org.springframework.boot.test.autoconfigure.SpringBootDependencyInjectionTestExecutionListener@14dd7b39, org.springframework.test.context.support.DirtiesContextTestExecutionListener@66ea810, org.springframework.test.context.transaction.TransactionalTestExecutionListener@6cd24612, org.springframework.test.context.jdbc.SqlScriptsTestExecutionListener@5dafbe45, org.springframework.test.context.event.EventPublishingTestExecutionListener@2254127a, org.springframework.boot.test.mock.mockito.ResetMocksTestExecutionListener@51891008, org.springframework.boot.test.autoconfigure.restdocs.RestDocsTestExecutionListener@2f953efd, org.springframework.boot.test.autoconfigure.web.client.MockRestServiceServerResetTestExecutionListener@f68f0dc, org.springframework.boot.test.autoconfigure.web.servlet.MockMvcPrintOnlyOnFailureTestExecutionListener@d2de489, org.springframework.boot.test.autoconfigure.web.servlet.WebDriverTestExecutionListener@14bdbc74, org.springframework.boot.test.autoconfigure.webservices.client.MockWebServiceServerTestExecutionListener@12591ac8]
2024-11-09 10:43:04 INFO  o.s.b.t.c.SpringBootTestContextBootstrapper - Neither @ContextConfiguration nor @ContextHierarchy found for test class [com.over.newsalesapi.NewsalesapiApplicationTests], using SpringBootContextLoader
2024-11-09 10:43:05 INFO  o.s.t.c.s.AbstractContextLoader - Could not detect default resource locations for test class [com.over.newsalesapi.NewsalesapiApplicationTests]: no resource found for suffixes {-context.xml, Context.groovy}.
2024-11-09 10:43:05 INFO  o.s.t.c.s.AnnotationConfigContextLoaderUtils - Could not detect default configuration classes for test class [com.over.newsalesapi.NewsalesapiApplicationTests]: NewsalesapiApplicationTests does not declare any static, non-private, non-final, nested classes annotated with @Configuration.
2024-11-09 10:43:05 INFO  o.s.b.t.c.SpringBootTestContextBootstrapper - Found @SpringBootConfiguration com.over.newsalesapi.NewsalesapiApplication for test class com.over.newsalesapi.NewsalesapiApplicationTests
2024-11-09 10:43:05 INFO  o.s.b.t.c.SpringBootTestContextBootstrapper - Loaded default TestExecutionListener class names from location [META-INF/spring.factories]: [org.springframework.boot.test.mock.mockito.MockitoTestExecutionListener, org.springframework.boot.test.mock.mockito.ResetMocksTestExecutionListener, org.springframework.boot.test.autoconfigure.restdocs.RestDocsTestExecutionListener, org.springframework.boot.test.autoconfigure.web.client.MockRestServiceServerResetTestExecutionListener, org.springframework.boot.test.autoconfigure.web.servlet.MockMvcPrintOnlyOnFailureTestExecutionListener, org.springframework.boot.test.autoconfigure.web.servlet.WebDriverTestExecutionListener, org.springframework.boot.test.autoconfigure.webservices.client.MockWebServiceServerTestExecutionListener, org.springframework.test.context.web.ServletTestExecutionListener, org.springframework.test.context.support.DirtiesContextBeforeModesTestExecutionListener, org.springframework.test.context.support.DependencyInjectionTestExecutionListener, org.springframework.test.context.support.DirtiesContextTestExecutionListener, org.springframework.test.context.transaction.TransactionalTestExecutionListener, org.springframework.test.context.jdbc.SqlScriptsTestExecutionListener, org.springframework.test.context.event.EventPublishingTestExecutionListener]
2024-11-09 10:43:05 INFO  o.s.b.t.c.SpringBootTestContextBootstrapper - Using TestExecutionListeners: [org.springframework.test.context.web.ServletTestExecutionListener@f68f0dc, org.springframework.test.context.support.DirtiesContextBeforeModesTestExecutionListener@d2de489, org.springframework.boot.test.mock.mockito.MockitoTestExecutionListener@14bdbc74, org.springframework.boot.test.autoconfigure.SpringBootDependencyInjectionTestExecutionListener@12591ac8, org.springframework.test.context.support.DirtiesContextTestExecutionListener@5a7fe64f, org.springframework.test.context.transaction.TransactionalTestExecutionListener@38145825, org.springframework.test.context.jdbc.SqlScriptsTestExecutionListener@41330d4f, org.springframework.test.context.event.EventPublishingTestExecutionListener@1b66c0fb, org.springframework.boot.test.mock.mockito.ResetMocksTestExecutionListener@3e0e1046, org.springframework.boot.test.autoconfigure.restdocs.RestDocsTestExecutionListener@24c1b2d2, org.springframework.boot.test.autoconfigure.web.client.MockRestServiceServerResetTestExecutionListener@7dc19a70, org.springframework.boot.test.autoconfigure.web.servlet.MockMvcPrintOnlyOnFailureTestExecutionListener@508dec2b, org.springframework.boot.test.autoconfigure.web.servlet.WebDriverTestExecutionListener@1e4f4a5c, org.springframework.boot.test.autoconfigure.webservices.client.MockWebServiceServerTestExecutionListener@37313c65]
2024-11-09 10:44:15 INFO  o.s.b.t.c.SpringBootTestContextBootstrapper - Neither @ContextConfiguration nor @ContextHierarchy found for test class [com.over.newsalesapi.NewsalesapiApplicationTests], using SpringBootContextLoader
2024-11-09 10:44:15 INFO  o.s.t.c.s.AbstractContextLoader - Could not detect default resource locations for test class [com.over.newsalesapi.NewsalesapiApplicationTests]: no resource found for suffixes {-context.xml, Context.groovy}.
2024-11-09 10:44:15 INFO  o.s.t.c.s.AnnotationConfigContextLoaderUtils - Could not detect default configuration classes for test class [com.over.newsalesapi.NewsalesapiApplicationTests]: NewsalesapiApplicationTests does not declare any static, non-private, non-final, nested classes annotated with @Configuration.
2024-11-09 10:44:16 INFO  o.s.b.t.c.SpringBootTestContextBootstrapper - Found @SpringBootConfiguration com.over.newsalesapi.NewsalesapiApplication for test class com.over.newsalesapi.NewsalesapiApplicationTests
2024-11-09 10:44:16 INFO  o.s.b.t.c.SpringBootTestContextBootstrapper - Loaded default TestExecutionListener class names from location [META-INF/spring.factories]: [org.springframework.boot.test.mock.mockito.MockitoTestExecutionListener, org.springframework.boot.test.mock.mockito.ResetMocksTestExecutionListener, org.springframework.boot.test.autoconfigure.restdocs.RestDocsTestExecutionListener, org.springframework.boot.test.autoconfigure.web.client.MockRestServiceServerResetTestExecutionListener, org.springframework.boot.test.autoconfigure.web.servlet.MockMvcPrintOnlyOnFailureTestExecutionListener, org.springframework.boot.test.autoconfigure.web.servlet.WebDriverTestExecutionListener, org.springframework.boot.test.autoconfigure.webservices.client.MockWebServiceServerTestExecutionListener, org.springframework.test.context.web.ServletTestExecutionListener, org.springframework.test.context.support.DirtiesContextBeforeModesTestExecutionListener, org.springframework.test.context.support.DependencyInjectionTestExecutionListener, org.springframework.test.context.support.DirtiesContextTestExecutionListener, org.springframework.test.context.transaction.TransactionalTestExecutionListener, org.springframework.test.context.jdbc.SqlScriptsTestExecutionListener, org.springframework.test.context.event.EventPublishingTestExecutionListener]
2024-11-09 10:44:16 INFO  o.s.b.t.c.SpringBootTestContextBootstrapper - Using TestExecutionListeners: [org.springframework.test.context.web.ServletTestExecutionListener@f68f0dc, org.springframework.test.context.support.DirtiesContextBeforeModesTestExecutionListener@d2de489, org.springframework.boot.test.mock.mockito.MockitoTestExecutionListener@14bdbc74, org.springframework.boot.test.autoconfigure.SpringBootDependencyInjectionTestExecutionListener@12591ac8, org.springframework.test.context.support.DirtiesContextTestExecutionListener@5a7fe64f, org.springframework.test.context.transaction.TransactionalTestExecutionListener@38145825, org.springframework.test.context.jdbc.SqlScriptsTestExecutionListener@41330d4f, org.springframework.test.context.event.EventPublishingTestExecutionListener@1b66c0fb, org.springframework.boot.test.mock.mockito.ResetMocksTestExecutionListener@3e0e1046, org.springframework.boot.test.autoconfigure.restdocs.RestDocsTestExecutionListener@24c1b2d2, org.springframework.boot.test.autoconfigure.web.client.MockRestServiceServerResetTestExecutionListener@7dc19a70, org.springframework.boot.test.autoconfigure.web.servlet.MockMvcPrintOnlyOnFailureTestExecutionListener@508dec2b, org.springframework.boot.test.autoconfigure.web.servlet.WebDriverTestExecutionListener@1e4f4a5c, org.springframework.boot.test.autoconfigure.webservices.client.MockWebServiceServerTestExecutionListener@37313c65]
2024-11-09 11:10:14 INFO  org.springframework.boot.test.context.SpringBootTestContextBootstrapper - Neither @ContextConfiguration nor @ContextHierarchy found for test class [com.over.newsalesapi.NewsalesapiApplicationTests], using SpringBootContextLoader
2024-11-09 11:10:14 INFO  org.springframework.test.context.support.AbstractContextLoader - Could not detect default resource locations for test class [com.over.newsalesapi.NewsalesapiApplicationTests]: no resource found for suffixes {-context.xml, Context.groovy}.
2024-11-09 11:10:14 INFO  org.springframework.test.context.support.AnnotationConfigContextLoaderUtils - Could not detect default configuration classes for test class [com.over.newsalesapi.NewsalesapiApplicationTests]: NewsalesapiApplicationTests does not declare any static, non-private, non-final, nested classes annotated with @Configuration.
2024-11-09 11:10:14 INFO  org.springframework.boot.test.context.SpringBootTestContextBootstrapper - Found @SpringBootConfiguration com.over.newsalesapi.NewsalesapiApplication for test class com.over.newsalesapi.NewsalesapiApplicationTests
2024-11-09 11:10:14 INFO  org.springframework.boot.test.context.SpringBootTestContextBootstrapper - Loaded default TestExecutionListener class names from location [META-INF/spring.factories]: [org.springframework.boot.test.mock.mockito.MockitoTestExecutionListener, org.springframework.boot.test.mock.mockito.ResetMocksTestExecutionListener, org.springframework.boot.test.autoconfigure.restdocs.RestDocsTestExecutionListener, org.springframework.boot.test.autoconfigure.web.client.MockRestServiceServerResetTestExecutionListener, org.springframework.boot.test.autoconfigure.web.servlet.MockMvcPrintOnlyOnFailureTestExecutionListener, org.springframework.boot.test.autoconfigure.web.servlet.WebDriverTestExecutionListener, org.springframework.boot.test.autoconfigure.webservices.client.MockWebServiceServerTestExecutionListener, org.springframework.test.context.web.ServletTestExecutionListener, org.springframework.test.context.support.DirtiesContextBeforeModesTestExecutionListener, org.springframework.test.context.support.DependencyInjectionTestExecutionListener, org.springframework.test.context.support.DirtiesContextTestExecutionListener, org.springframework.test.context.transaction.TransactionalTestExecutionListener, org.springframework.test.context.jdbc.SqlScriptsTestExecutionListener, org.springframework.test.context.event.EventPublishingTestExecutionListener]
2024-11-09 11:10:14 INFO  org.springframework.boot.test.context.SpringBootTestContextBootstrapper - Using TestExecutionListeners: [org.springframework.test.context.web.ServletTestExecutionListener@3c7c886c, org.springframework.test.context.support.DirtiesContextBeforeModesTestExecutionListener@55493582, org.springframework.boot.test.mock.mockito.MockitoTestExecutionListener@1a20270e, org.springframework.boot.test.autoconfigure.SpringBootDependencyInjectionTestExecutionListener@6b88ca8c, org.springframework.test.context.support.DirtiesContextTestExecutionListener@336f1079, org.springframework.test.context.transaction.TransactionalTestExecutionListener@2f16c6b3, org.springframework.test.context.jdbc.SqlScriptsTestExecutionListener@34158c08, org.springframework.test.context.event.EventPublishingTestExecutionListener@19e4fcac, org.springframework.boot.test.mock.mockito.ResetMocksTestExecutionListener@52c3cb31, org.springframework.boot.test.autoconfigure.restdocs.RestDocsTestExecutionListener@4b79ac84, org.springframework.boot.test.autoconfigure.web.client.MockRestServiceServerResetTestExecutionListener@53941c2f, org.springframework.boot.test.autoconfigure.web.servlet.MockMvcPrintOnlyOnFailureTestExecutionListener@6dab9b6d, org.springframework.boot.test.autoconfigure.web.servlet.WebDriverTestExecutionListener@21fd5faa, org.springframework.boot.test.autoconfigure.webservices.client.MockWebServiceServerTestExecutionListener@2766ca9d]
2024-11-09 11:10:15 INFO  com.over.newsalesapi.NewsalesapiApplicationTests - Starting NewsalesapiApplicationTests on users-MacBook-Pro.local with PID 29975 (started by usertech in /Users/usersenhe/Documents/newsalesapi)
2024-11-09 11:10:15 INFO  com.over.newsalesapi.NewsalesapiApplicationTests - No active profile set, falling back to default profiles: default
2024-11-09 11:10:15 INFO  org.springframework.data.repository.config.RepositoryConfigurationDelegate - Bootstrapping Spring Data JPA repositories in DEFAULT mode.
2024-11-09 11:10:15 INFO  org.springframework.data.repository.config.RepositoryConfigurationDelegate - Finished Spring Data repository scanning in 55ms. Found 4 JPA repository interfaces.
2024-11-09 11:10:16 INFO  org.hibernate.jpa.internal.util.LogHelper - HHH000204: Processing PersistenceUnitInfo [name: default]
2024-11-09 11:10:16 INFO  org.hibernate.Version - HHH000412: Hibernate ORM core version 5.4.32.Final
2024-11-09 11:10:16 INFO  org.hibernate.annotations.common.Version - HCANN000001: Hibernate Commons Annotations {5.1.2.Final}
2024-11-09 11:10:16 INFO  com.zaxxer.hikari.HikariDataSource - HikariPool-1 - Starting...
2024-11-09 11:10:16 INFO  com.zaxxer.hikari.HikariDataSource - HikariPool-1 - Start completed.
2024-11-09 11:10:16 INFO  org.hibernate.dialect.Dialect - HHH000400: Using dialect: org.hibernate.dialect.PostgreSQLDialect
2024-11-09 11:10:17 INFO  org.hibernate.engine.transaction.jta.platform.internal.JtaPlatformInitiator - HHH000490: Using JtaPlatform implementation: [org.hibernate.engine.transaction.jta.platform.internal.NoJtaPlatform]
2024-11-09 11:10:17 INFO  org.springframework.orm.jpa.LocalContainerEntityManagerFactoryBean - Initialized JPA EntityManagerFactory for persistence unit 'default'
2024-11-09 11:10:18 WARN  org.springframework.boot.autoconfigure.orm.jpa.JpaBaseConfiguration$JpaWebConfiguration - spring.jpa.open-in-view is enabled by default. Therefore, database queries may be performed during view rendering. Explicitly configure spring.jpa.open-in-view to disable this warning
2024-11-09 11:10:18 INFO  org.springframework.scheduling.concurrent.ThreadPoolTaskExecutor - Initializing ExecutorService 'applicationTaskExecutor'
2024-11-09 11:10:18 INFO  com.over.newsalesapi.NewsalesapiApplicationTests - Started NewsalesapiApplicationTests in 3.84 seconds (JVM running for 4.863)
2024-11-09 11:10:18 INFO  org.springframework.scheduling.concurrent.ThreadPoolTaskExecutor - Shutting down ExecutorService 'applicationTaskExecutor'
2024-11-09 11:10:18 INFO  org.springframework.orm.jpa.LocalContainerEntityManagerFactoryBean - Closing JPA EntityManagerFactory for persistence unit 'default'
2024-11-09 11:10:18 INFO  com.zaxxer.hikari.HikariDataSource - HikariPool-1 - Shutdown initiated...
2024-11-09 11:10:18 INFO  com.zaxxer.hikari.HikariDataSource - HikariPool-1 - Shutdown completed.
2024-11-09 11:10:34 INFO  com.over.newsalesapi.NewsalesapiApplication - Starting NewsalesapiApplication on users-MacBook-Pro.local with PID 30014 (/Users/usersenhe/Documents/newsalesapi/target/classes started by usertech in /Users/usersenhe/Documents/newsalesapi)
2024-11-09 11:10:34 INFO  com.over.newsalesapi.NewsalesapiApplication - No active profile set, falling back to default profiles: default
2024-11-09 11:10:34 INFO  org.springframework.data.repository.config.RepositoryConfigurationDelegate - Bootstrapping Spring Data JPA repositories in DEFAULT mode.
2024-11-09 11:10:34 INFO  org.springframework.data.repository.config.RepositoryConfigurationDelegate - Finished Spring Data repository scanning in 41ms. Found 4 JPA repository interfaces.
2024-11-09 11:10:35 INFO  org.springframework.boot.web.embedded.tomcat.TomcatWebServer - Tomcat initialized with port(s): 8080 (http)
2024-11-09 11:10:35 INFO  org.apache.coyote.http11.Http11NioProtocol - Initializing ProtocolHandler ["http-nio-8080"]
2024-11-09 11:10:35 INFO  org.apache.catalina.core.StandardService - Starting service [Tomcat]
2024-11-09 11:10:35 INFO  org.apache.catalina.core.StandardEngine - Starting Servlet engine: [Apache Tomcat/9.0.46]
2024-11-09 11:10:35 INFO  org.apache.catalina.core.ContainerBase.[Tomcat].[localhost].[/] - Initializing Spring embedded WebApplicationContext
2024-11-09 11:10:35 INFO  org.springframework.boot.web.servlet.context.ServletWebServerApplicationContext - Root WebApplicationContext: initialization completed in 1056 ms
2024-11-09 11:10:35 INFO  org.hibernate.jpa.internal.util.LogHelper - HHH000204: Processing PersistenceUnitInfo [name: default]
2024-11-09 11:10:35 INFO  org.hibernate.Version - HHH000412: Hibernate ORM core version 5.4.32.Final
2024-11-09 11:10:35 INFO  org.hibernate.annotations.common.Version - HCANN000001: Hibernate Commons Annotations {5.1.2.Final}
2024-11-09 11:10:35 INFO  com.zaxxer.hikari.HikariDataSource - HikariPool-1 - Starting...
2024-11-09 11:10:35 INFO  com.zaxxer.hikari.HikariDataSource - HikariPool-1 - Start completed.
2024-11-09 11:10:35 INFO  org.hibernate.dialect.Dialect - HHH000400: Using dialect: org.hibernate.dialect.PostgreSQLDialect
2024-11-09 11:10:36 INFO  org.hibernate.engine.transaction.jta.platform.internal.JtaPlatformInitiator - HHH000490: Using JtaPlatform implementation: [org.hibernate.engine.transaction.jta.platform.internal.NoJtaPlatform]
2024-11-09 11:10:36 INFO  org.springframework.orm.jpa.LocalContainerEntityManagerFactoryBean - Initialized JPA EntityManagerFactory for persistence unit 'default'
2024-11-09 11:10:36 WARN  org.springframework.boot.autoconfigure.orm.jpa.JpaBaseConfiguration$JpaWebConfiguration - spring.jpa.open-in-view is enabled by default. Therefore, database queries may be performed during view rendering. Explicitly configure spring.jpa.open-in-view to disable this warning
2024-11-09 11:10:36 INFO  org.springframework.scheduling.concurrent.ThreadPoolTaskExecutor - Initializing ExecutorService 'applicationTaskExecutor'
2024-11-09 11:10:37 INFO  org.apache.coyote.http11.Http11NioProtocol - Starting ProtocolHandler ["http-nio-8080"]
2024-11-09 11:10:37 INFO  org.springframework.boot.web.embedded.tomcat.TomcatWebServer - Tomcat started on port(s): 8080 (http) with context path ''
2024-11-09 11:10:37 INFO  com.over.newsalesapi.NewsalesapiApplication - Started NewsalesapiApplication in 3.14 seconds (JVM running for 3.733)
2024-11-09 11:10:37 INFO  com.over.newsalesapi.NewsalesapiApplication - INICIANDO APLICACAO..
2024-11-09 11:21:17 INFO  org.apache.catalina.core.ContainerBase.[Tomcat].[localhost].[/] - Initializing Spring DispatcherServlet 'dispatcherServlet'
2024-11-09 11:21:17 INFO  org.springframework.web.servlet.DispatcherServlet - Initializing Servlet 'dispatcherServlet'
2024-11-09 11:21:17 INFO  org.springframework.web.servlet.DispatcherServlet - Completed initialization in 16 ms
2024-11-09 11:27:53 INFO  org.springframework.scheduling.concurrent.ThreadPoolTaskExecutor - Shutting down ExecutorService 'applicationTaskExecutor'
2024-11-09 11:27:53 INFO  org.springframework.orm.jpa.LocalContainerEntityManagerFactoryBean - Closing JPA EntityManagerFactory for persistence unit 'default'
2024-11-09 11:27:53 INFO  com.zaxxer.hikari.HikariDataSource - HikariPool-1 - Shutdown initiated...
2024-11-09 11:27:53 INFO  com.zaxxer.hikari.HikariDataSource - HikariPool-1 - Shutdown completed.
2024-11-09 11:28:04 INFO  org.springframework.boot.test.context.SpringBootTestContextBootstrapper - Neither @ContextConfiguration nor @ContextHierarchy found for test class [com.over.newsalesapi.NewsalesapiApplicationTests], using SpringBootContextLoader
2024-11-09 11:28:04 INFO  org.springframework.test.context.support.AbstractContextLoader - Could not detect default resource locations for test class [com.over.newsalesapi.NewsalesapiApplicationTests]: no resource found for suffixes {-context.xml, Context.groovy}.
2024-11-09 11:28:04 INFO  org.springframework.test.context.support.AnnotationConfigContextLoaderUtils - Could not detect default configuration classes for test class [com.over.newsalesapi.NewsalesapiApplicationTests]: NewsalesapiApplicationTests does not declare any static, non-private, non-final, nested classes annotated with @Configuration.
2024-11-09 11:28:04 INFO  org.springframework.boot.test.context.SpringBootTestContextBootstrapper - Found @SpringBootConfiguration com.over.newsalesapi.NewsalesapiApplication for test class com.over.newsalesapi.NewsalesapiApplicationTests
2024-11-09 11:28:05 INFO  org.springframework.boot.test.context.SpringBootTestContextBootstrapper - Loaded default TestExecutionListener class names from location [META-INF/spring.factories]: [org.springframework.boot.test.mock.mockito.MockitoTestExecutionListener, org.springframework.boot.test.mock.mockito.ResetMocksTestExecutionListener, org.springframework.boot.test.autoconfigure.restdocs.RestDocsTestExecutionListener, org.springframework.boot.test.autoconfigure.web.client.MockRestServiceServerResetTestExecutionListener, org.springframework.boot.test.autoconfigure.web.servlet.MockMvcPrintOnlyOnFailureTestExecutionListener, org.springframework.boot.test.autoconfigure.web.servlet.WebDriverTestExecutionListener, org.springframework.boot.test.autoconfigure.webservices.client.MockWebServiceServerTestExecutionListener, org.springframework.test.context.web.ServletTestExecutionListener, org.springframework.test.context.support.DirtiesContextBeforeModesTestExecutionListener, org.springframework.test.context.support.DependencyInjectionTestExecutionListener, org.springframework.test.context.support.DirtiesContextTestExecutionListener, org.springframework.test.context.transaction.TransactionalTestExecutionListener, org.springframework.test.context.jdbc.SqlScriptsTestExecutionListener, org.springframework.test.context.event.EventPublishingTestExecutionListener]
2024-11-09 11:28:05 INFO  org.springframework.boot.test.context.SpringBootTestContextBootstrapper - Using TestExecutionListeners: [org.springframework.test.context.web.ServletTestExecutionListener@1a20270e, org.springframework.test.context.support.DirtiesContextBeforeModesTestExecutionListener@6b88ca8c, org.springframework.boot.test.mock.mockito.MockitoTestExecutionListener@336f1079, org.springframework.boot.test.autoconfigure.SpringBootDependencyInjectionTestExecutionListener@2f16c6b3, org.springframework.test.context.support.DirtiesContextTestExecutionListener@34158c08, org.springframework.test.context.transaction.TransactionalTestExecutionListener@19e4fcac, org.springframework.test.context.jdbc.SqlScriptsTestExecutionListener@52c3cb31, org.springframework.test.context.event.EventPublishingTestExecutionListener@4b79ac84, org.springframework.boot.test.mock.mockito.ResetMocksTestExecutionListener@53941c2f, org.springframework.boot.test.autoconfigure.restdocs.RestDocsTestExecutionListener@6dab9b6d, org.springframework.boot.test.autoconfigure.web.client.MockRestServiceServerResetTestExecutionListener@21fd5faa, org.springframework.boot.test.autoconfigure.web.servlet.MockMvcPrintOnlyOnFailureTestExecutionListener@2766ca9d, org.springframework.boot.test.autoconfigure.web.servlet.WebDriverTestExecutionListener@5460cf3a, org.springframework.boot.test.autoconfigure.webservices.client.MockWebServiceServerTestExecutionListener@65a15628]
2024-11-09 11:28:05 INFO  com.over.newsalesapi.NewsalesapiApplicationTests - Starting NewsalesapiApplicationTests on users-MacBook-Pro.local with PID 30683 (started by usertech in /Users/usersenhe/Documents/newsalesapi)
2024-11-09 11:28:05 INFO  com.over.newsalesapi.NewsalesapiApplicationTests - No active profile set, falling back to default profiles: default
2024-11-09 11:28:05 INFO  org.springframework.data.repository.config.RepositoryConfigurationDelegate - Bootstrapping Spring Data JPA repositories in DEFAULT mode.
2024-11-09 11:28:05 INFO  org.springframework.data.repository.config.RepositoryConfigurationDelegate - Finished Spring Data repository scanning in 47ms. Found 4 JPA repository interfaces.
2024-11-09 11:28:06 INFO  org.hibernate.jpa.internal.util.LogHelper - HHH000204: Processing PersistenceUnitInfo [name: default]
2024-11-09 11:28:06 INFO  org.hibernate.Version - HHH000412: Hibernate ORM core version 5.4.32.Final
2024-11-09 11:28:06 INFO  org.hibernate.annotations.common.Version - HCANN000001: Hibernate Commons Annotations {5.1.2.Final}
2024-11-09 11:28:06 INFO  com.zaxxer.hikari.HikariDataSource - HikariPool-1 - Starting...
2024-11-09 11:28:06 INFO  com.zaxxer.hikari.HikariDataSource - HikariPool-1 - Start completed.
2024-11-09 11:28:06 INFO  org.hibernate.dialect.Dialect - HHH000400: Using dialect: org.hibernate.dialect.PostgreSQLDialect
2024-11-09 11:28:07 INFO  org.hibernate.engine.transaction.jta.platform.internal.JtaPlatformInitiator - HHH000490: Using JtaPlatform implementation: [org.hibernate.engine.transaction.jta.platform.internal.NoJtaPlatform]
2024-11-09 11:28:07 INFO  org.springframework.orm.jpa.LocalContainerEntityManagerFactoryBean - Initialized JPA EntityManagerFactory for persistence unit 'default'
2024-11-09 11:28:07 WARN  org.springframework.boot.autoconfigure.orm.jpa.JpaBaseConfiguration$JpaWebConfiguration - spring.jpa.open-in-view is enabled by default. Therefore, database queries may be performed during view rendering. Explicitly configure spring.jpa.open-in-view to disable this warning
2024-11-09 11:28:08 INFO  org.springframework.scheduling.concurrent.ThreadPoolTaskExecutor - Initializing ExecutorService 'applicationTaskExecutor'
2024-11-09 11:28:08 INFO  com.over.newsalesapi.NewsalesapiApplicationTests - Started NewsalesapiApplicationTests in 3.373 seconds (JVM running for 4.327)
2024-11-09 11:28:08 INFO  org.springframework.scheduling.concurrent.ThreadPoolTaskExecutor - Shutting down ExecutorService 'applicationTaskExecutor'
2024-11-09 11:28:08 INFO  org.springframework.orm.jpa.LocalContainerEntityManagerFactoryBean - Closing JPA EntityManagerFactory for persistence unit 'default'
2024-11-09 11:28:08 INFO  com.zaxxer.hikari.HikariDataSource - HikariPool-1 - Shutdown initiated...
2024-11-09 11:28:08 INFO  com.zaxxer.hikari.HikariDataSource - HikariPool-1 - Shutdown completed.
2024-11-09 11:28:20 INFO  com.over.newsalesapi.NewsalesapiApplication - Starting NewsalesapiApplication on users-MacBook-Pro.local with PID 30725 (/Users/usersenhe/Documents/newsalesapi/target/classes started by usertech in /Users/usersenhe/Documents/newsalesapi)
2024-11-09 11:28:20 INFO  com.over.newsalesapi.NewsalesapiApplication - No active profile set, falling back to default profiles: default
2024-11-09 11:28:20 INFO  org.springframework.data.repository.config.RepositoryConfigurationDelegate - Bootstrapping Spring Data JPA repositories in DEFAULT mode.
2024-11-09 11:28:20 INFO  org.springframework.data.repository.config.RepositoryConfigurationDelegate - Finished Spring Data repository scanning in 41ms. Found 4 JPA repository interfaces.
2024-11-09 11:28:21 INFO  org.springframework.boot.web.embedded.tomcat.TomcatWebServer - Tomcat initialized with port(s): 8080 (http)
2024-11-09 11:28:21 INFO  org.apache.coyote.http11.Http11NioProtocol - Initializing ProtocolHandler ["http-nio-8080"]
2024-11-09 11:28:21 INFO  org.apache.catalina.core.StandardService - Starting service [Tomcat]
2024-11-09 11:28:21 INFO  org.apache.catalina.core.StandardEngine - Starting Servlet engine: [Apache Tomcat/9.0.46]
2024-11-09 11:28:21 INFO  org.apache.catalina.core.ContainerBase.[Tomcat].[localhost].[/] - Initializing Spring embedded WebApplicationContext
2024-11-09 11:28:21 INFO  org.springframework.boot.web.servlet.context.ServletWebServerApplicationContext - Root WebApplicationContext: initialization completed in 1028 ms
2024-11-09 11:28:21 INFO  org.hibernate.jpa.internal.util.LogHelper - HHH000204: Processing PersistenceUnitInfo [name: default]
2024-11-09 11:28:21 INFO  org.hibernate.Version - HHH000412: Hibernate ORM core version 5.4.32.Final
2024-11-09 11:28:21 INFO  org.hibernate.annotations.common.Version - HCANN000001: Hibernate Commons Annotations {5.1.2.Final}
2024-11-09 11:28:21 INFO  com.zaxxer.hikari.HikariDataSource - HikariPool-1 - Starting...
2024-11-09 11:28:21 INFO  com.zaxxer.hikari.HikariDataSource - HikariPool-1 - Start completed.
2024-11-09 11:28:21 INFO  org.hibernate.dialect.Dialect - HHH000400: Using dialect: org.hibernate.dialect.PostgreSQLDialect
2024-11-09 11:28:22 INFO  org.hibernate.engine.transaction.jta.platform.internal.JtaPlatformInitiator - HHH000490: Using JtaPlatform implementation: [org.hibernate.engine.transaction.jta.platform.internal.NoJtaPlatform]
2024-11-09 11:28:22 INFO  org.springframework.orm.jpa.LocalContainerEntityManagerFactoryBean - Initialized JPA EntityManagerFactory for persistence unit 'default'
2024-11-09 11:28:22 WARN  org.springframework.boot.autoconfigure.orm.jpa.JpaBaseConfiguration$JpaWebConfiguration - spring.jpa.open-in-view is enabled by default. Therefore, database queries may be performed during view rendering. Explicitly configure spring.jpa.open-in-view to disable this warning
2024-11-09 11:28:22 INFO  org.springframework.scheduling.concurrent.ThreadPoolTaskExecutor - Initializing ExecutorService 'applicationTaskExecutor'
2024-11-09 11:28:23 INFO  org.apache.coyote.http11.Http11NioProtocol - Starting ProtocolHandler ["http-nio-8080"]
2024-11-09 11:28:23 INFO  org.springframework.boot.web.embedded.tomcat.TomcatWebServer - Tomcat started on port(s): 8080 (http) with context path ''
2024-11-09 11:28:23 INFO  com.over.newsalesapi.NewsalesapiApplication - Started NewsalesapiApplication in 3.147 seconds (JVM running for 3.804)
2024-11-09 11:28:23 INFO  com.over.newsalesapi.NewsalesapiApplication - INICIANDO APLICACAO..
2024-11-09 11:29:27 INFO  org.apache.catalina.core.ContainerBase.[Tomcat].[localhost].[/] - Initializing Spring DispatcherServlet 'dispatcherServlet'
2024-11-09 11:29:27 INFO  org.springframework.web.servlet.DispatcherServlet - Initializing Servlet 'dispatcherServlet'
2024-11-09 11:29:27 INFO  org.springframework.web.servlet.DispatcherServlet - Completed initialization in 8 ms
2024-11-09 11:34:10 INFO  org.springframework.scheduling.concurrent.ThreadPoolTaskExecutor - Shutting down ExecutorService 'applicationTaskExecutor'
2024-11-09 11:34:10 INFO  org.springframework.orm.jpa.LocalContainerEntityManagerFactoryBean - Closing JPA EntityManagerFactory for persistence unit 'default'
2024-11-09 11:34:10 INFO  com.zaxxer.hikari.HikariDataSource - HikariPool-1 - Shutdown initiated...
2024-11-09 11:34:10 INFO  com.zaxxer.hikari.HikariDataSource - HikariPool-1 - Shutdown completed.
2024-11-09 11:34:22 INFO  com.over.newsalesapi.NewsalesapiApplication - Starting NewsalesapiApplication on users-MacBook-Pro.local with PID 30948 (/Users/usersenhe/Documents/newsalesapi/target/classes started by usertech in /Users/usersenhe/Documents/newsalesapi)
2024-11-09 11:34:22 INFO  com.over.newsalesapi.NewsalesapiApplication - No active profile set, falling back to default profiles: default
2024-11-09 11:34:22 INFO  org.springframework.data.repository.config.RepositoryConfigurationDelegate - Bootstrapping Spring Data JPA repositories in DEFAULT mode.
2024-11-09 11:34:22 INFO  org.springframework.data.repository.config.RepositoryConfigurationDelegate - Finished Spring Data repository scanning in 42ms. Found 4 JPA repository interfaces.
2024-11-09 11:34:23 INFO  org.springframework.boot.web.embedded.tomcat.TomcatWebServer - Tomcat initialized with port(s): 8080 (http)
2024-11-09 11:34:23 INFO  org.apache.coyote.http11.Http11NioProtocol - Initializing ProtocolHandler ["http-nio-8080"]
2024-11-09 11:34:23 INFO  org.apache.catalina.core.StandardService - Starting service [Tomcat]
2024-11-09 11:34:23 INFO  org.apache.catalina.core.StandardEngine - Starting Servlet engine: [Apache Tomcat/9.0.46]
2024-11-09 11:34:23 INFO  org.apache.catalina.core.ContainerBase.[Tomcat].[localhost].[/] - Initializing Spring embedded WebApplicationContext
2024-11-09 11:34:23 INFO  org.springframework.boot.web.servlet.context.ServletWebServerApplicationContext - Root WebApplicationContext: initialization completed in 1118 ms
2024-11-09 11:34:23 INFO  org.hibernate.jpa.internal.util.LogHelper - HHH000204: Processing PersistenceUnitInfo [name: default]
2024-11-09 11:34:23 INFO  org.hibernate.Version - HHH000412: Hibernate ORM core version 5.4.32.Final
2024-11-09 11:34:23 INFO  org.hibernate.annotations.common.Version - HCANN000001: Hibernate Commons Annotations {5.1.2.Final}
2024-11-09 11:34:23 INFO  com.zaxxer.hikari.HikariDataSource - HikariPool-1 - Starting...
2024-11-09 11:34:23 INFO  com.zaxxer.hikari.HikariDataSource - HikariPool-1 - Start completed.
2024-11-09 11:34:23 INFO  org.hibernate.dialect.Dialect - HHH000400: Using dialect: org.hibernate.dialect.PostgreSQLDialect
2024-11-09 11:34:24 INFO  org.hibernate.engine.transaction.jta.platform.internal.JtaPlatformInitiator - HHH000490: Using JtaPlatform implementation: [org.hibernate.engine.transaction.jta.platform.internal.NoJtaPlatform]
2024-11-09 11:34:24 INFO  org.springframework.orm.jpa.LocalContainerEntityManagerFactoryBean - Initialized JPA EntityManagerFactory for persistence unit 'default'
2024-11-09 11:34:24 WARN  org.springframework.boot.autoconfigure.orm.jpa.JpaBaseConfiguration$JpaWebConfiguration - spring.jpa.open-in-view is enabled by default. Therefore, database queries may be performed during view rendering. Explicitly configure spring.jpa.open-in-view to disable this warning
2024-11-09 11:34:24 INFO  org.springframework.scheduling.concurrent.ThreadPoolTaskExecutor - Initializing ExecutorService 'applicationTaskExecutor'
2024-11-09 11:34:25 INFO  org.apache.coyote.http11.Http11NioProtocol - Starting ProtocolHandler ["http-nio-8080"]
2024-11-09 11:34:25 INFO  org.springframework.boot.web.embedded.tomcat.TomcatWebServer - Tomcat started on port(s): 8080 (http) with context path ''
2024-11-09 11:34:25 INFO  com.over.newsalesapi.NewsalesapiApplication - Started NewsalesapiApplication in 3.178 seconds (JVM running for 3.792)
2024-11-09 11:34:25 INFO  com.over.newsalesapi.NewsalesapiApplication - INICIANDO APLICACAO..
2024-11-09 11:34:50 INFO  org.apache.catalina.core.ContainerBase.[Tomcat].[localhost].[/] - Initializing Spring DispatcherServlet 'dispatcherServlet'
2024-11-09 11:34:50 INFO  org.springframework.web.servlet.DispatcherServlet - Initializing Servlet 'dispatcherServlet'
2024-11-09 11:34:50 INFO  org.springframework.web.servlet.DispatcherServlet - Completed initialization in 5 ms
2024-11-09 11:44:15 INFO  org.springframework.scheduling.concurrent.ThreadPoolTaskExecutor - Shutting down ExecutorService 'applicationTaskExecutor'
2024-11-09 11:44:15 INFO  org.springframework.orm.jpa.LocalContainerEntityManagerFactoryBean - Closing JPA EntityManagerFactory for persistence unit 'default'
2024-11-09 11:44:15 INFO  com.zaxxer.hikari.HikariDataSource - HikariPool-1 - Shutdown initiated...
2024-11-09 11:44:15 INFO  com.zaxxer.hikari.HikariDataSource - HikariPool-1 - Shutdown completed.
2024-11-09 11:44:27 INFO  org.springframework.boot.test.context.SpringBootTestContextBootstrapper - Neither @ContextConfiguration nor @ContextHierarchy found for test class [com.over.newsalesapi.NewsalesapiApplicationTests], using SpringBootContextLoader
2024-11-09 11:44:27 INFO  org.springframework.test.context.support.AbstractContextLoader - Could not detect default resource locations for test class [com.over.newsalesapi.NewsalesapiApplicationTests]: no resource found for suffixes {-context.xml, Context.groovy}.
2024-11-09 11:44:27 INFO  org.springframework.test.context.support.AnnotationConfigContextLoaderUtils - Could not detect default configuration classes for test class [com.over.newsalesapi.NewsalesapiApplicationTests]: NewsalesapiApplicationTests does not declare any static, non-private, non-final, nested classes annotated with @Configuration.
2024-11-09 11:44:27 INFO  org.springframework.boot.test.context.SpringBootTestContextBootstrapper - Found @SpringBootConfiguration com.over.newsalesapi.NewsalesapiApplication for test class com.over.newsalesapi.NewsalesapiApplicationTests
2024-11-09 11:44:27 INFO  org.springframework.boot.test.context.SpringBootTestContextBootstrapper - Loaded default TestExecutionListener class names from location [META-INF/spring.factories]: [org.springframework.boot.test.mock.mockito.MockitoTestExecutionListener, org.springframework.boot.test.mock.mockito.ResetMocksTestExecutionListener, org.springframework.boot.test.autoconfigure.restdocs.RestDocsTestExecutionListener, org.springframework.boot.test.autoconfigure.web.client.MockRestServiceServerResetTestExecutionListener, org.springframework.boot.test.autoconfigure.web.servlet.MockMvcPrintOnlyOnFailureTestExecutionListener, org.springframework.boot.test.autoconfigure.web.servlet.WebDriverTestExecutionListener, org.springframework.boot.test.autoconfigure.webservices.client.MockWebServiceServerTestExecutionListener, org.springframework.test.context.web.ServletTestExecutionListener, org.springframework.test.context.support.DirtiesContextBeforeModesTestExecutionListener, org.springframework.test.context.support.DependencyInjectionTestExecutionListener, org.springframework.test.context.support.DirtiesContextTestExecutionListener, org.springframework.test.context.transaction.TransactionalTestExecutionListener, org.springframework.test.context.jdbc.SqlScriptsTestExecutionListener, org.springframework.test.context.event.EventPublishingTestExecutionListener]
2024-11-09 11:44:27 INFO  org.springframework.boot.test.context.SpringBootTestContextBootstrapper - Using TestExecutionListeners: [org.springframework.test.context.web.ServletTestExecutionListener@1a20270e, org.springframework.test.context.support.DirtiesContextBeforeModesTestExecutionListener@6b88ca8c, org.springframework.boot.test.mock.mockito.MockitoTestExecutionListener@336f1079, org.springframework.boot.test.autoconfigure.SpringBootDependencyInjectionTestExecutionListener@2f16c6b3, org.springframework.test.context.support.DirtiesContextTestExecutionListener@34158c08, org.springframework.test.context.transaction.TransactionalTestExecutionListener@19e4fcac, org.springframework.test.context.jdbc.SqlScriptsTestExecutionListener@52c3cb31, org.springframework.test.context.event.EventPublishingTestExecutionListener@4b79ac84, org.springframework.boot.test.mock.mockito.ResetMocksTestExecutionListener@53941c2f, org.springframework.boot.test.autoconfigure.restdocs.RestDocsTestExecutionListener@6dab9b6d, org.springframework.boot.test.autoconfigure.web.client.MockRestServiceServerResetTestExecutionListener@21fd5faa, org.springframework.boot.test.autoconfigure.web.servlet.MockMvcPrintOnlyOnFailureTestExecutionListener@2766ca9d, org.springframework.boot.test.autoconfigure.web.servlet.WebDriverTestExecutionListener@5460cf3a, org.springframework.boot.test.autoconfigure.webservices.client.MockWebServiceServerTestExecutionListener@65a15628]
2024-11-09 11:44:27 INFO  com.over.newsalesapi.NewsalesapiApplicationTests - Starting NewsalesapiApplicationTests on users-MacBook-Pro.local with PID 31309 (started by usertech in /Users/usersenhe/Documents/newsalesapi)
2024-11-09 11:44:27 INFO  com.over.newsalesapi.NewsalesapiApplicationTests - No active profile set, falling back to default profiles: default
2024-11-09 11:44:27 INFO  org.springframework.data.repository.config.RepositoryConfigurationDelegate - Bootstrapping Spring Data JPA repositories in DEFAULT mode.
2024-11-09 11:44:27 INFO  org.springframework.data.repository.config.RepositoryConfigurationDelegate - Finished Spring Data repository scanning in 47ms. Found 4 JPA repository interfaces.
2024-11-09 11:44:28 INFO  org.hibernate.jpa.internal.util.LogHelper - HHH000204: Processing PersistenceUnitInfo [name: default]
2024-11-09 11:44:28 INFO  org.hibernate.Version - HHH000412: Hibernate ORM core version 5.4.32.Final
2024-11-09 11:44:28 INFO  org.hibernate.annotations.common.Version - HCANN000001: Hibernate Commons Annotations {5.1.2.Final}
2024-11-09 11:44:28 INFO  com.zaxxer.hikari.HikariDataSource - HikariPool-1 - Starting...
2024-11-09 11:44:29 INFO  com.zaxxer.hikari.HikariDataSource - HikariPool-1 - Start completed.
2024-11-09 11:44:29 INFO  org.hibernate.dialect.Dialect - HHH000400: Using dialect: org.hibernate.dialect.PostgreSQLDialect
2024-11-09 11:44:29 INFO  org.hibernate.engine.transaction.jta.platform.internal.JtaPlatformInitiator - HHH000490: Using JtaPlatform implementation: [org.hibernate.engine.transaction.jta.platform.internal.NoJtaPlatform]
2024-11-09 11:44:29 INFO  org.springframework.orm.jpa.LocalContainerEntityManagerFactoryBean - Initialized JPA EntityManagerFactory for persistence unit 'default'
2024-11-09 11:44:30 WARN  org.springframework.boot.autoconfigure.orm.jpa.JpaBaseConfiguration$JpaWebConfiguration - spring.jpa.open-in-view is enabled by default. Therefore, database queries may be performed during view rendering. Explicitly configure spring.jpa.open-in-view to disable this warning
2024-11-09 11:44:30 INFO  org.springframework.scheduling.concurrent.ThreadPoolTaskExecutor - Initializing ExecutorService 'applicationTaskExecutor'
2024-11-09 11:44:30 INFO  com.over.newsalesapi.NewsalesapiApplicationTests - Started NewsalesapiApplicationTests in 3.399 seconds (JVM running for 4.418)
2024-11-09 11:44:30 INFO  org.springframework.scheduling.concurrent.ThreadPoolTaskExecutor - Shutting down ExecutorService 'applicationTaskExecutor'
2024-11-09 11:44:30 INFO  org.springframework.orm.jpa.LocalContainerEntityManagerFactoryBean - Closing JPA EntityManagerFactory for persistence unit 'default'
2024-11-09 11:44:30 INFO  com.zaxxer.hikari.HikariDataSource - HikariPool-1 - Shutdown initiated...
2024-11-09 11:44:30 INFO  com.zaxxer.hikari.HikariDataSource - HikariPool-1 - Shutdown completed.
2024-11-09 11:44:41 INFO  com.over.newsalesapi.NewsalesapiApplication - Starting NewsalesapiApplication on users-MacBook-Pro.local with PID 31350 (/Users/usersenhe/Documents/newsalesapi/target/classes started by usertech in /Users/usersenhe/Documents/newsalesapi)
2024-11-09 11:44:41 INFO  com.over.newsalesapi.NewsalesapiApplication - No active profile set, falling back to default profiles: default
2024-11-09 11:44:41 INFO  org.springframework.data.repository.config.RepositoryConfigurationDelegate - Bootstrapping Spring Data JPA repositories in DEFAULT mode.
2024-11-09 11:44:41 INFO  org.springframework.data.repository.config.RepositoryConfigurationDelegate - Finished Spring Data repository scanning in 41ms. Found 4 JPA repository interfaces.
2024-11-09 11:44:42 INFO  org.springframework.boot.web.embedded.tomcat.TomcatWebServer - Tomcat initialized with port(s): 8080 (http)
2024-11-09 11:44:42 INFO  org.apache.coyote.http11.Http11NioProtocol - Initializing ProtocolHandler ["http-nio-8080"]
2024-11-09 11:44:42 INFO  org.apache.catalina.core.StandardService - Starting service [Tomcat]
2024-11-09 11:44:42 INFO  org.apache.catalina.core.StandardEngine - Starting Servlet engine: [Apache Tomcat/9.0.46]
2024-11-09 11:44:42 INFO  org.apache.catalina.core.ContainerBase.[Tomcat].[localhost].[/] - Initializing Spring embedded WebApplicationContext
2024-11-09 11:44:42 INFO  org.springframework.boot.web.servlet.context.ServletWebServerApplicationContext - Root WebApplicationContext: initialization completed in 1029 ms
2024-11-09 11:44:42 INFO  org.hibernate.jpa.internal.util.LogHelper - HHH000204: Processing PersistenceUnitInfo [name: default]
2024-11-09 11:44:42 INFO  org.hibernate.Version - HHH000412: Hibernate ORM core version 5.4.32.Final
2024-11-09 11:44:42 INFO  org.hibernate.annotations.common.Version - HCANN000001: Hibernate Commons Annotations {5.1.2.Final}
2024-11-09 11:44:43 INFO  com.zaxxer.hikari.HikariDataSource - HikariPool-1 - Starting...
2024-11-09 11:44:43 INFO  com.zaxxer.hikari.HikariDataSource - HikariPool-1 - Start completed.
2024-11-09 11:44:43 INFO  org.hibernate.dialect.Dialect - HHH000400: Using dialect: org.hibernate.dialect.PostgreSQLDialect
2024-11-09 11:44:43 INFO  org.hibernate.engine.transaction.jta.platform.internal.JtaPlatformInitiator - HHH000490: Using JtaPlatform implementation: [org.hibernate.engine.transaction.jta.platform.internal.NoJtaPlatform]
2024-11-09 11:44:43 INFO  org.springframework.orm.jpa.LocalContainerEntityManagerFactoryBean - Initialized JPA EntityManagerFactory for persistence unit 'default'
2024-11-09 11:44:44 WARN  org.springframework.boot.autoconfigure.orm.jpa.JpaBaseConfiguration$JpaWebConfiguration - spring.jpa.open-in-view is enabled by default. Therefore, database queries may be performed during view rendering. Explicitly configure spring.jpa.open-in-view to disable this warning
2024-11-09 11:44:44 INFO  org.springframework.scheduling.concurrent.ThreadPoolTaskExecutor - Initializing ExecutorService 'applicationTaskExecutor'
2024-11-09 11:44:44 INFO  org.apache.coyote.http11.Http11NioProtocol - Starting ProtocolHandler ["http-nio-8080"]
2024-11-09 11:44:44 INFO  org.springframework.boot.web.embedded.tomcat.TomcatWebServer - Tomcat started on port(s): 8080 (http) with context path ''
2024-11-09 11:44:44 INFO  com.over.newsalesapi.NewsalesapiApplication - Started NewsalesapiApplication in 3.195 seconds (JVM running for 3.801)
2024-11-09 11:44:44 INFO  com.over.newsalesapi.NewsalesapiApplication - INICIANDO APLICACAO..
2024-11-09 11:44:55 INFO  org.apache.catalina.core.ContainerBase.[Tomcat].[localhost].[/] - Initializing Spring DispatcherServlet 'dispatcherServlet'
2024-11-09 11:44:55 INFO  org.springframework.web.servlet.DispatcherServlet - Initializing Servlet 'dispatcherServlet'
2024-11-09 11:44:55 INFO  org.springframework.web.servlet.DispatcherServlet - Completed initialization in 5 ms
2024-11-09 11:45:30 INFO  org.springframework.scheduling.concurrent.ThreadPoolTaskExecutor - Shutting down ExecutorService 'applicationTaskExecutor'
2024-11-09 11:45:30 INFO  org.springframework.orm.jpa.LocalContainerEntityManagerFactoryBean - Closing JPA EntityManagerFactory for persistence unit 'default'
2024-11-09 11:45:30 INFO  com.zaxxer.hikari.HikariDataSource - HikariPool-1 - Shutdown initiated...
2024-11-09 11:45:30 INFO  com.zaxxer.hikari.HikariDataSource - HikariPool-1 - Shutdown completed.
2024-11-09 11:45:47 INFO  org.springframework.boot.test.context.SpringBootTestContextBootstrapper - Neither @ContextConfiguration nor @ContextHierarchy found for test class [com.over.newsalesapi.NewsalesapiApplicationTests], using SpringBootContextLoader
2024-11-09 11:45:47 INFO  org.springframework.test.context.support.AbstractContextLoader - Could not detect default resource locations for test class [com.over.newsalesapi.NewsalesapiApplicationTests]: no resource found for suffixes {-context.xml, Context.groovy}.
2024-11-09 11:45:47 INFO  org.springframework.test.context.support.AnnotationConfigContextLoaderUtils - Could not detect default configuration classes for test class [com.over.newsalesapi.NewsalesapiApplicationTests]: NewsalesapiApplicationTests does not declare any static, non-private, non-final, nested classes annotated with @Configuration.
2024-11-09 11:45:47 INFO  org.springframework.boot.test.context.SpringBootTestContextBootstrapper - Found @SpringBootConfiguration com.over.newsalesapi.NewsalesapiApplication for test class com.over.newsalesapi.NewsalesapiApplicationTests
2024-11-09 11:45:47 INFO  org.springframework.boot.test.context.SpringBootTestContextBootstrapper - Loaded default TestExecutionListener class names from location [META-INF/spring.factories]: [org.springframework.boot.test.mock.mockito.MockitoTestExecutionListener, org.springframework.boot.test.mock.mockito.ResetMocksTestExecutionListener, org.springframework.boot.test.autoconfigure.restdocs.RestDocsTestExecutionListener, org.springframework.boot.test.autoconfigure.web.client.MockRestServiceServerResetTestExecutionListener, org.springframework.boot.test.autoconfigure.web.servlet.MockMvcPrintOnlyOnFailureTestExecutionListener, org.springframework.boot.test.autoconfigure.web.servlet.WebDriverTestExecutionListener, org.springframework.boot.test.autoconfigure.webservices.client.MockWebServiceServerTestExecutionListener, org.springframework.test.context.web.ServletTestExecutionListener, org.springframework.test.context.support.DirtiesContextBeforeModesTestExecutionListener, org.springframework.test.context.support.DependencyInjectionTestExecutionListener, org.springframework.test.context.support.DirtiesContextTestExecutionListener, org.springframework.test.context.transaction.TransactionalTestExecutionListener, org.springframework.test.context.jdbc.SqlScriptsTestExecutionListener, org.springframework.test.context.event.EventPublishingTestExecutionListener]
2024-11-09 11:45:47 INFO  org.springframework.boot.test.context.SpringBootTestContextBootstrapper - Using TestExecutionListeners: [org.springframework.test.context.web.ServletTestExecutionListener@21fd5faa, org.springframework.test.context.support.DirtiesContextBeforeModesTestExecutionListener@2766ca9d, org.springframework.boot.test.mock.mockito.MockitoTestExecutionListener@5460cf3a, org.springframework.boot.test.autoconfigure.SpringBootDependencyInjectionTestExecutionListener@65a15628, org.springframework.test.context.support.DirtiesContextTestExecutionListener@2e6a5539, org.springframework.test.context.transaction.TransactionalTestExecutionListener@3fc9504b, org.springframework.test.context.jdbc.SqlScriptsTestExecutionListener@6d025197, org.springframework.test.context.event.EventPublishingTestExecutionListener@27d4a09, org.springframework.boot.test.mock.mockito.ResetMocksTestExecutionListener@7e4204e2, org.springframework.boot.test.autoconfigure.restdocs.RestDocsTestExecutionListener@b7c4869, org.springframework.boot.test.autoconfigure.web.client.MockRestServiceServerResetTestExecutionListener@740d2e78, org.springframework.boot.test.autoconfigure.web.servlet.MockMvcPrintOnlyOnFailureTestExecutionListener@1c481ff2, org.springframework.boot.test.autoconfigure.web.servlet.WebDriverTestExecutionListener@72437d8d, org.springframework.boot.test.autoconfigure.webservices.client.MockWebServiceServerTestExecutionListener@1b955cac]
2024-11-09 11:45:47 INFO  com.over.newsalesapi.NewsalesapiApplicationTests - Starting NewsalesapiApplicationTests on users-MacBook-Pro.local with PID 31438 (started by usertech in /Users/usersenhe/Documents/newsalesapi)
2024-11-09 11:45:47 INFO  com.over.newsalesapi.NewsalesapiApplicationTests - No active profile set, falling back to default profiles: default
2024-11-09 11:45:48 INFO  org.springframework.data.repository.config.RepositoryConfigurationDelegate - Bootstrapping Spring Data JPA repositories in DEFAULT mode.
2024-11-09 11:45:48 INFO  org.springframework.data.repository.config.RepositoryConfigurationDelegate - Finished Spring Data repository scanning in 52ms. Found 4 JPA repository interfaces.
2024-11-09 11:45:48 INFO  org.hibernate.jpa.internal.util.LogHelper - HHH000204: Processing PersistenceUnitInfo [name: default]
2024-11-09 11:45:48 INFO  org.hibernate.Version - HHH000412: Hibernate ORM core version 5.4.32.Final
2024-11-09 11:45:48 INFO  org.hibernate.annotations.common.Version - HCANN000001: Hibernate Commons Annotations {5.1.2.Final}
2024-11-09 11:45:49 INFO  com.zaxxer.hikari.HikariDataSource - HikariPool-1 - Starting...
2024-11-09 11:45:49 INFO  com.zaxxer.hikari.HikariDataSource - HikariPool-1 - Start completed.
2024-11-09 11:45:49 INFO  org.hibernate.dialect.Dialect - HHH000400: Using dialect: org.hibernate.dialect.PostgreSQLDialect
2024-11-09 11:45:49 INFO  org.hibernate.engine.transaction.jta.platform.internal.JtaPlatformInitiator - HHH000490: Using JtaPlatform implementation: [org.hibernate.engine.transaction.jta.platform.internal.NoJtaPlatform]
2024-11-09 11:45:49 INFO  org.springframework.orm.jpa.LocalContainerEntityManagerFactoryBean - Initialized JPA EntityManagerFactory for persistence unit 'default'
2024-11-09 11:45:50 WARN  org.springframework.boot.autoconfigure.orm.jpa.JpaBaseConfiguration$JpaWebConfiguration - spring.jpa.open-in-view is enabled by default. Therefore, database queries may be performed during view rendering. Explicitly configure spring.jpa.open-in-view to disable this warning
2024-11-09 11:45:50 INFO  org.springframework.scheduling.concurrent.ThreadPoolTaskExecutor - Initializing ExecutorService 'applicationTaskExecutor'
2024-11-09 11:45:51 INFO  com.over.newsalesapi.NewsalesapiApplicationTests - Started NewsalesapiApplicationTests in 3.421 seconds (JVM running for 4.356)
2024-11-09 11:45:51 INFO  org.springframework.scheduling.concurrent.ThreadPoolTaskExecutor - Shutting down ExecutorService 'applicationTaskExecutor'
2024-11-09 11:45:51 INFO  org.springframework.orm.jpa.LocalContainerEntityManagerFactoryBean - Closing JPA EntityManagerFactory for persistence unit 'default'
2024-11-09 11:45:51 INFO  com.zaxxer.hikari.HikariDataSource - HikariPool-1 - Shutdown initiated...
2024-11-09 11:45:51 INFO  com.zaxxer.hikari.HikariDataSource - HikariPool-1 - Shutdown completed.
2024-11-09 11:46:00 INFO  com.over.newsalesapi.NewsalesapiApplication - Starting NewsalesapiApplication on users-MacBook-Pro.local with PID 31483 (/Users/usersenhe/Documents/newsalesapi/target/classes started by usertech in /Users/usersenhe/Documents/newsalesapi)
2024-11-09 11:46:00 INFO  com.over.newsalesapi.NewsalesapiApplication - No active profile set, falling back to default profiles: default
2024-11-09 11:46:00 INFO  org.springframework.data.repository.config.RepositoryConfigurationDelegate - Bootstrapping Spring Data JPA repositories in DEFAULT mode.
2024-11-09 11:46:01 INFO  org.springframework.data.repository.config.RepositoryConfigurationDelegate - Finished Spring Data repository scanning in 56ms. Found 4 JPA repository interfaces.
2024-11-09 11:46:01 INFO  org.springframework.boot.web.embedded.tomcat.TomcatWebServer - Tomcat initialized with port(s): 8080 (http)
2024-11-09 11:46:01 INFO  org.apache.coyote.http11.Http11NioProtocol - Initializing ProtocolHandler ["http-nio-8080"]
2024-11-09 11:46:01 INFO  org.apache.catalina.core.StandardService - Starting service [Tomcat]
2024-11-09 11:46:01 INFO  org.apache.catalina.core.StandardEngine - Starting Servlet engine: [Apache Tomcat/9.0.46]
2024-11-09 11:46:01 INFO  org.apache.catalina.core.ContainerBase.[Tomcat].[localhost].[/] - Initializing Spring embedded WebApplicationContext
2024-11-09 11:46:01 INFO  org.springframework.boot.web.servlet.context.ServletWebServerApplicationContext - Root WebApplicationContext: initialization completed in 1157 ms
2024-11-09 11:46:01 INFO  org.hibernate.jpa.internal.util.LogHelper - HHH000204: Processing PersistenceUnitInfo [name: default]
2024-11-09 11:46:02 INFO  org.hibernate.Version - HHH000412: Hibernate ORM core version 5.4.32.Final
2024-11-09 11:46:02 INFO  org.hibernate.annotations.common.Version - HCANN000001: Hibernate Commons Annotations {5.1.2.Final}
2024-11-09 11:46:02 INFO  com.zaxxer.hikari.HikariDataSource - HikariPool-1 - Starting...
2024-11-09 11:46:02 INFO  com.zaxxer.hikari.HikariDataSource - HikariPool-1 - Start completed.
2024-11-09 11:46:02 INFO  org.hibernate.dialect.Dialect - HHH000400: Using dialect: org.hibernate.dialect.PostgreSQLDialect
2024-11-09 11:46:02 INFO  org.hibernate.engine.transaction.jta.platform.internal.JtaPlatformInitiator - HHH000490: Using JtaPlatform implementation: [org.hibernate.engine.transaction.jta.platform.internal.NoJtaPlatform]
2024-11-09 11:46:02 INFO  org.springframework.orm.jpa.LocalContainerEntityManagerFactoryBean - Initialized JPA EntityManagerFactory for persistence unit 'default'
2024-11-09 11:46:03 WARN  org.springframework.boot.autoconfigure.orm.jpa.JpaBaseConfiguration$JpaWebConfiguration - spring.jpa.open-in-view is enabled by default. Therefore, database queries may be performed during view rendering. Explicitly configure spring.jpa.open-in-view to disable this warning
2024-11-09 11:46:03 INFO  org.springframework.scheduling.concurrent.ThreadPoolTaskExecutor - Initializing ExecutorService 'applicationTaskExecutor'
2024-11-09 11:46:03 INFO  org.apache.coyote.http11.Http11NioProtocol - Starting ProtocolHandler ["http-nio-8080"]
2024-11-09 11:46:03 INFO  org.springframework.boot.web.embedded.tomcat.TomcatWebServer - Tomcat started on port(s): 8080 (http) with context path ''
2024-11-09 11:46:03 INFO  com.over.newsalesapi.NewsalesapiApplication - Started NewsalesapiApplication in 3.334 seconds (JVM running for 4.144)
2024-11-09 11:46:03 INFO  com.over.newsalesapi.NewsalesapiApplication - INICIANDO APLICACAO..
2024-11-09 11:46:10 INFO  org.apache.catalina.core.ContainerBase.[Tomcat].[localhost].[/] - Initializing Spring DispatcherServlet 'dispatcherServlet'
2024-11-09 11:46:10 INFO  org.springframework.web.servlet.DispatcherServlet - Initializing Servlet 'dispatcherServlet'
2024-11-09 11:46:10 INFO  org.springframework.web.servlet.DispatcherServlet - Completed initialization in 6 ms
2024-11-09 11:56:40 INFO  org.springframework.scheduling.concurrent.ThreadPoolTaskExecutor - Shutting down ExecutorService 'applicationTaskExecutor'
2024-11-09 11:56:40 INFO  org.springframework.orm.jpa.LocalContainerEntityManagerFactoryBean - Closing JPA EntityManagerFactory for persistence unit 'default'
2024-11-09 11:56:40 INFO  com.zaxxer.hikari.HikariDataSource - HikariPool-1 - Shutdown initiated...
2024-11-09 11:56:40 INFO  com.zaxxer.hikari.HikariDataSource - HikariPool-1 - Shutdown completed.
2024-11-09 11:58:33 INFO  org.springframework.boot.test.context.SpringBootTestContextBootstrapper - Neither @ContextConfiguration nor @ContextHierarchy found for test class [com.over.newsalesapi.NewsalesapiApplicationTests], using SpringBootContextLoader
2024-11-09 11:58:33 INFO  org.springframework.test.context.support.AbstractContextLoader - Could not detect default resource locations for test class [com.over.newsalesapi.NewsalesapiApplicationTests]: no resource found for suffixes {-context.xml, Context.groovy}.
2024-11-09 11:58:33 INFO  org.springframework.test.context.support.AnnotationConfigContextLoaderUtils - Could not detect default configuration classes for test class [com.over.newsalesapi.NewsalesapiApplicationTests]: NewsalesapiApplicationTests does not declare any static, non-private, non-final, nested classes annotated with @Configuration.
2024-11-09 11:58:33 INFO  org.springframework.boot.test.context.SpringBootTestContextBootstrapper - Found @SpringBootConfiguration com.over.newsalesapi.NewsalesapiApplication for test class com.over.newsalesapi.NewsalesapiApplicationTests
2024-11-09 11:58:33 INFO  org.springframework.boot.test.context.SpringBootTestContextBootstrapper - Loaded default TestExecutionListener class names from location [META-INF/spring.factories]: [org.springframework.boot.test.mock.mockito.MockitoTestExecutionListener, org.springframework.boot.test.mock.mockito.ResetMocksTestExecutionListener, org.springframework.boot.test.autoconfigure.restdocs.RestDocsTestExecutionListener, org.springframework.boot.test.autoconfigure.web.client.MockRestServiceServerResetTestExecutionListener, org.springframework.boot.test.autoconfigure.web.servlet.MockMvcPrintOnlyOnFailureTestExecutionListener, org.springframework.boot.test.autoconfigure.web.servlet.WebDriverTestExecutionListener, org.springframework.boot.test.autoconfigure.webservices.client.MockWebServiceServerTestExecutionListener, org.springframework.test.context.web.ServletTestExecutionListener, org.springframework.test.context.support.DirtiesContextBeforeModesTestExecutionListener, org.springframework.test.context.support.DependencyInjectionTestExecutionListener, org.springframework.test.context.support.DirtiesContextTestExecutionListener, org.springframework.test.context.transaction.TransactionalTestExecutionListener, org.springframework.test.context.jdbc.SqlScriptsTestExecutionListener, org.springframework.test.context.event.EventPublishingTestExecutionListener]
2024-11-09 11:58:33 INFO  org.springframework.boot.test.context.SpringBootTestContextBootstrapper - Using TestExecutionListeners: [org.springframework.test.context.web.ServletTestExecutionListener@2766ca9d, org.springframework.test.context.support.DirtiesContextBeforeModesTestExecutionListener@5460cf3a, org.springframework.boot.test.mock.mockito.MockitoTestExecutionListener@65a15628, org.springframework.boot.test.autoconfigure.SpringBootDependencyInjectionTestExecutionListener@2e6a5539, org.springframework.test.context.support.DirtiesContextTestExecutionListener@3fc9504b, org.springframework.test.context.transaction.TransactionalTestExecutionListener@6d025197, org.springframework.test.context.jdbc.SqlScriptsTestExecutionListener@27d4a09, org.springframework.test.context.event.EventPublishingTestExecutionListener@7e4204e2, org.springframework.boot.test.mock.mockito.ResetMocksTestExecutionListener@b7c4869, org.springframework.boot.test.autoconfigure.restdocs.RestDocsTestExecutionListener@740d2e78, org.springframework.boot.test.autoconfigure.web.client.MockRestServiceServerResetTestExecutionListener@1c481ff2, org.springframework.boot.test.autoconfigure.web.servlet.MockMvcPrintOnlyOnFailureTestExecutionListener@72437d8d, org.springframework.boot.test.autoconfigure.web.servlet.WebDriverTestExecutionListener@1b955cac, org.springframework.boot.test.autoconfigure.webservices.client.MockWebServiceServerTestExecutionListener@676cf48]
2024-11-09 11:58:33 INFO  com.over.newsalesapi.NewsalesapiApplicationTests - Starting NewsalesapiApplicationTests on users-MacBook-Pro.local with PID 31929 (started by usertech in /Users/usersenhe/Documents/newsalesapi)
2024-11-09 11:58:33 INFO  com.over.newsalesapi.NewsalesapiApplicationTests - No active profile set, falling back to default profiles: default
2024-11-09 11:58:34 INFO  org.springframework.data.repository.config.RepositoryConfigurationDelegate - Bootstrapping Spring Data JPA repositories in DEFAULT mode.
2024-11-09 11:58:34 INFO  org.springframework.data.repository.config.RepositoryConfigurationDelegate - Finished Spring Data repository scanning in 47ms. Found 4 JPA repository interfaces.
2024-11-09 11:58:34 INFO  org.hibernate.jpa.internal.util.LogHelper - HHH000204: Processing PersistenceUnitInfo [name: default]
2024-11-09 11:58:34 INFO  org.hibernate.Version - HHH000412: Hibernate ORM core version 5.4.32.Final
2024-11-09 11:58:35 INFO  org.hibernate.annotations.common.Version - HCANN000001: Hibernate Commons Annotations {5.1.2.Final}
2024-11-09 11:58:35 INFO  com.zaxxer.hikari.HikariDataSource - HikariPool-1 - Starting...
2024-11-09 11:58:35 INFO  com.zaxxer.hikari.HikariDataSource - HikariPool-1 - Start completed.
2024-11-09 11:58:35 INFO  org.hibernate.dialect.Dialect - HHH000400: Using dialect: org.hibernate.dialect.PostgreSQLDialect
2024-11-09 11:58:35 INFO  org.hibernate.engine.transaction.jta.platform.internal.JtaPlatformInitiator - HHH000490: Using JtaPlatform implementation: [org.hibernate.engine.transaction.jta.platform.internal.NoJtaPlatform]
2024-11-09 11:58:35 INFO  org.springframework.orm.jpa.LocalContainerEntityManagerFactoryBean - Initialized JPA EntityManagerFactory for persistence unit 'default'
2024-11-09 11:58:36 WARN  org.springframework.boot.autoconfigure.orm.jpa.JpaBaseConfiguration$JpaWebConfiguration - spring.jpa.open-in-view is enabled by default. Therefore, database queries may be performed during view rendering. Explicitly configure spring.jpa.open-in-view to disable this warning
2024-11-09 11:58:36 INFO  org.springframework.scheduling.concurrent.ThreadPoolTaskExecutor - Initializing ExecutorService 'applicationTaskExecutor'
2024-11-09 11:58:36 INFO  com.over.newsalesapi.NewsalesapiApplicationTests - Started NewsalesapiApplicationTests in 3.275 seconds (JVM running for 4.256)
2024-11-09 11:58:37 INFO  org.springframework.scheduling.concurrent.ThreadPoolTaskExecutor - Shutting down ExecutorService 'applicationTaskExecutor'
2024-11-09 11:58:37 INFO  org.springframework.orm.jpa.LocalContainerEntityManagerFactoryBean - Closing JPA EntityManagerFactory for persistence unit 'default'
2024-11-09 11:58:37 INFO  com.zaxxer.hikari.HikariDataSource - HikariPool-1 - Shutdown initiated...
2024-11-09 11:58:37 INFO  com.zaxxer.hikari.HikariDataSource - HikariPool-1 - Shutdown completed.
2024-11-09 11:58:45 INFO  com.over.newsalesapi.NewsalesapiApplication - Starting NewsalesapiApplication on users-MacBook-Pro.local with PID 31969 (/Users/usersenhe/Documents/newsalesapi/target/classes started by usertech in /Users/usersenhe/Documents/newsalesapi)
2024-11-09 11:58:45 INFO  com.over.newsalesapi.NewsalesapiApplication - No active profile set, falling back to default profiles: default
2024-11-09 11:58:46 INFO  org.springframework.data.repository.config.RepositoryConfigurationDelegate - Bootstrapping Spring Data JPA repositories in DEFAULT mode.
2024-11-09 11:58:46 INFO  org.springframework.data.repository.config.RepositoryConfigurationDelegate - Finished Spring Data repository scanning in 41ms. Found 4 JPA repository interfaces.
2024-11-09 11:58:46 INFO  org.springframework.boot.web.embedded.tomcat.TomcatWebServer - Tomcat initialized with port(s): 8080 (http)
2024-11-09 11:58:46 INFO  org.apache.coyote.http11.Http11NioProtocol - Initializing ProtocolHandler ["http-nio-8080"]
2024-11-09 11:58:46 INFO  org.apache.catalina.core.StandardService - Starting service [Tomcat]
2024-11-09 11:58:46 INFO  org.apache.catalina.core.StandardEngine - Starting Servlet engine: [Apache Tomcat/9.0.46]
2024-11-09 11:58:46 INFO  org.apache.catalina.core.ContainerBase.[Tomcat].[localhost].[/] - Initializing Spring embedded WebApplicationContext
2024-11-09 11:58:46 INFO  org.springframework.boot.web.servlet.context.ServletWebServerApplicationContext - Root WebApplicationContext: initialization completed in 1037 ms
2024-11-09 11:58:46 INFO  org.hibernate.jpa.internal.util.LogHelper - HHH000204: Processing PersistenceUnitInfo [name: default]
2024-11-09 11:58:46 INFO  org.hibernate.Version - HHH000412: Hibernate ORM core version 5.4.32.Final
2024-11-09 11:58:47 INFO  org.hibernate.annotations.common.Version - HCANN000001: Hibernate Commons Annotations {5.1.2.Final}
2024-11-09 11:58:47 INFO  com.zaxxer.hikari.HikariDataSource - HikariPool-1 - Starting...
2024-11-09 11:58:47 INFO  com.zaxxer.hikari.HikariDataSource - HikariPool-1 - Start completed.
2024-11-09 11:58:47 INFO  org.hibernate.dialect.Dialect - HHH000400: Using dialect: org.hibernate.dialect.PostgreSQLDialect
2024-11-09 11:58:47 INFO  org.hibernate.engine.transaction.jta.platform.internal.JtaPlatformInitiator - HHH000490: Using JtaPlatform implementation: [org.hibernate.engine.transaction.jta.platform.internal.NoJtaPlatform]
2024-11-09 11:58:47 INFO  org.springframework.orm.jpa.LocalContainerEntityManagerFactoryBean - Initialized JPA EntityManagerFactory for persistence unit 'default'
2024-11-09 11:58:48 WARN  org.springframework.boot.autoconfigure.orm.jpa.JpaBaseConfiguration$JpaWebConfiguration - spring.jpa.open-in-view is enabled by default. Therefore, database queries may be performed during view rendering. Explicitly configure spring.jpa.open-in-view to disable this warning
2024-11-09 11:58:48 INFO  org.springframework.scheduling.concurrent.ThreadPoolTaskExecutor - Initializing ExecutorService 'applicationTaskExecutor'
2024-11-09 11:58:48 INFO  org.apache.coyote.http11.Http11NioProtocol - Starting ProtocolHandler ["http-nio-8080"]
2024-11-09 11:58:48 INFO  org.springframework.boot.web.embedded.tomcat.TomcatWebServer - Tomcat started on port(s): 8080 (http) with context path ''
2024-11-09 11:58:48 INFO  com.over.newsalesapi.NewsalesapiApplication - Started NewsalesapiApplication in 3.166 seconds (JVM running for 3.834)
2024-11-09 11:58:48 INFO  com.over.newsalesapi.NewsalesapiApplication - INICIANDO APLICACAO..
2024-11-09 11:59:00 INFO  org.apache.catalina.core.ContainerBase.[Tomcat].[localhost].[/] - Initializing Spring DispatcherServlet 'dispatcherServlet'
2024-11-09 11:59:00 INFO  org.springframework.web.servlet.DispatcherServlet - Initializing Servlet 'dispatcherServlet'
2024-11-09 11:59:00 INFO  org.springframework.web.servlet.DispatcherServlet - Completed initialization in 5 ms
2024-11-09 12:10:20 WARN  com.over.newsalesapi.service.PedidoService - Estoque insuficiente para atender o pedido 1: necessrio 10 mas disponvel 1
2024-11-09 12:11:37 WARN  com.over.newsalesapi.service.PedidoService - Estoque insuficiente para atender o pedido 2: necessrio 10 mas disponvel 1
2024-11-09 12:11:59 WARN  com.over.newsalesapi.service.PedidoService - Estoque insuficiente para atender o pedido 3: necessrio 10 mas disponvel 1
2024-11-09 12:18:08 INFO  org.springframework.scheduling.concurrent.ThreadPoolTaskExecutor - Shutting down ExecutorService 'applicationTaskExecutor'
2024-11-09 12:18:08 INFO  org.springframework.orm.jpa.LocalContainerEntityManagerFactoryBean - Closing JPA EntityManagerFactory for persistence unit 'default'
2024-11-09 12:18:08 INFO  com.zaxxer.hikari.HikariDataSource - HikariPool-1 - Shutdown initiated...
2024-11-09 12:18:08 INFO  com.zaxxer.hikari.HikariDataSource - HikariPool-1 - Shutdown completed.
